# JRE version: Java(TM) SE Runtime Environment (8.0_20-b26) (build 1.8.0_20-b26)
# Java VM: Java HotSpot(TM) 64-Bit Server VM (25.20-b23 mixed mode linux-amd64 compressed oops)
Heap:
 PSYoungGen      total 100352K, used 935K [0x00000000f5f00000, 0x00000000ff700000, 0x0000000100000000)
  eden space 46080K, 0% used [0x00000000f5f00000,0x00000000f5f00000,0x00000000f8c00000)
  from space 54272K, 1% used [0x00000000fc200000,0x00000000fc2e9e68,0x00000000ff700000)
  to   space 54784K, 0% used [0x00000000f8c00000,0x00000000f8c00000,0x00000000fc180000)
 ParOldGen       total 135168K, used 134719K [0x00000000e1c00000, 0x00000000ea000000, 0x00000000f5f00000)
  object space 135168K, 99% used [0x00000000e1c00000,0x00000000e9f8fdf0,0x00000000ea000000)
 Metaspace       used 22667K, capacity 22946K, committed 23296K, reserved 1069056K
  class space    used 2963K, capacity 3013K, committed 3072K, reserved 1048576K
GC Heap History (10 events):
Event: 17,455 GC heap after
Heap after GC invocations=15 (full 3):
 PSYoungGen      total 82944K, used 33077K [0x00000000f5f00000, 0x00000000fe580000, 0x0000000100000000)
  eden space 34816K, 0% used [0x00000000f5f00000,0x00000000f5f00000,0x00000000f8100000)
  from space 48128K, 68% used [0x00000000fb280000,0x00000000fd2cd4f0,0x00000000fe180000)
  to   space 50688K, 0% used [0x00000000f8100000,0x00000000f8100000,0x00000000fb280000)
 ParOldGen       total 123392K, used 102048K [0x00000000e1c00000, 0x00000000e9480000, 0x00000000f5f00000)
  object space 123392K, 82% used [0x00000000e1c00000,0x00000000e7fa8300,0x00000000e9480000)
 Metaspace       used 22296K, capacity 22562K, committed 22784K, reserved 1069056K
  class space    used 2961K, capacity 3013K, committed 3072K, reserved 1048576K
}
Event: 19,324 GC heap before
{Heap before GC invocations=16 (full 3):
 PSYoungGen      total 82944K, used 67893K [0x00000000f5f00000, 0x00000000fe580000, 0x0000000100000000)
  eden space 34816K, 100% used [0x00000000f5f00000,0x00000000f8100000,0x00000000f8100000)
  from space 48128K, 68% used [0x00000000fb280000,0x00000000fd2cd4f0,0x00000000fe180000)
  to   space 50688K, 0% used [0x00000000f8100000,0x00000000f8100000,0x00000000fb280000)
 ParOldGen       total 123392K, used 102048K [0x00000000e1c00000, 0x00000000e9480000, 0x00000000f5f00000)
  object space 123392K, 82% used [0x00000000e1c00000,0x00000000e7fa8300,0x00000000e9480000)
 Metaspace       used 22539K, capacity 22818K, committed 23040K, reserved 1069056K
  class space    used 2962K, capacity 3013K, committed 3072K, reserved 1048576K
Event: 19,435 GC heap after
Heap after GC invocations=16 (full 3):
 PSYoungGen      total 85504K, used 33365K [0x00000000f5f00000, 0x00000000fef00000, 0x0000000100000000)
  eden space 34816K, 0% used [0x00000000f5f00000,0x00000000f5f00000,0x00000000f8100000)
  from space 50688K, 65% used [0x00000000f8100000,0x00000000fa1954f0,0x00000000fb280000)
  to   space 52736K, 0% used [0x00000000fbb80000,0x00000000fbb80000,0x00000000fef00000)
 ParOldGen       total 123392K, used 102048K [0x00000000e1c00000, 0x00000000e9480000, 0x00000000f5f00000)
  object space 123392K, 82% used [0x00000000e1c00000,0x00000000e7fa8300,0x00000000e9480000)
 Metaspace       used 22539K, capacity 22818K, committed 23040K, reserved 1069056K
  class space    used 2962K, capacity 3013K, committed 3072K, reserved 1048576K
}
Event: 21,251 GC heap before
{Heap before GC invocations=17 (full 3):
 PSYoungGen      total 85504K, used 68181K [0x00000000f5f00000, 0x00000000fef00000, 0x0000000100000000)
  eden space 34816K, 100% used [0x00000000f5f00000,0x00000000f8100000,0x00000000f8100000)
  from space 50688K, 65% used [0x00000000f8100000,0x00000000fa1954f0,0x00000000fb280000)
  to   space 52736K, 0% used [0x00000000fbb80000,0x00000000fbb80000,0x00000000fef00000)
 ParOldGen       total 123392K, used 102048K [0x00000000e1c00000, 0x00000000e9480000, 0x00000000f5f00000)
  object space 123392K, 82% used [0x00000000e1c00000,0x00000000e7fa8300,0x00000000e9480000)
 Metaspace       used 22605K, capacity 22882K, committed 23296K, reserved 1069056K
  class space    used 2962K, capacity 3013K, committed 3072K, reserved 1048576K
Event: 21,379 GC heap after
Heap after GC invocations=17 (full 3):
 PSYoungGen      total 93184K, used 33589K [0x00000000f5f00000, 0x00000000ff100000, 0x0000000100000000)
  eden space 40448K, 0% used [0x00000000f5f00000,0x00000000f5f00000,0x00000000f8680000)
  from space 52736K, 63% used [0x00000000fbb80000,0x00000000fdc4d4f0,0x00000000fef00000)
  to   space 54272K, 0% used [0x00000000f8680000,0x00000000f8680000,0x00000000fbb80000)
 ParOldGen       total 123392K, used 102048K [0x00000000e1c00000, 0x00000000e9480000, 0x00000000f5f00000)
  object space 123392K, 82% used [0x00000000e1c00000,0x00000000e7fa8300,0x00000000e9480000)
 Metaspace       used 22605K, capacity 22882K, committed 23296K, reserved 1069056K
  class space    used 2962K, capacity 3013K, committed 3072K, reserved 1048576K
}
Event: 23,410 GC heap before
{Heap before GC invocations=18 (full 3):
 PSYoungGen      total 93184K, used 74037K [0x00000000f5f00000, 0x00000000ff100000, 0x0000000100000000)
  eden space 40448K, 100% used [0x00000000f5f00000,0x00000000f8680000,0x00000000f8680000)
  from space 52736K, 63% used [0x00000000fbb80000,0x00000000fdc4d4f0,0x00000000fef00000)
  to   space 54272K, 0% used [0x00000000f8680000,0x00000000f8680000,0x00000000fbb80000)
 ParOldGen       total 123392K, used 102048K [0x00000000e1c00000, 0x00000000e9480000, 0x00000000f5f00000)
  object space 123392K, 82% used [0x00000000e1c00000,0x00000000e7fa8300,0x00000000e9480000)
 Metaspace       used 22654K, capacity 22946K, committed 23296K, reserved 1069056K
  class space    used 2962K, capacity 3013K, committed 3072K, reserved 1048576K
Event: 23,476 GC heap after
Heap after GC invocations=18 (full 3):
 PSYoungGen      total 94720K, used 33877K [0x00000000f5f00000, 0x00000000ff780000, 0x0000000100000000)
  eden space 40448K, 0% used [0x00000000f5f00000,0x00000000f5f00000,0x00000000f8680000)
  from space 54272K, 62% used [0x00000000f8680000,0x00000000fa7954f0,0x00000000fbb80000)
  to   space 54784K, 0% used [0x00000000fc200000,0x00000000fc200000,0x00000000ff780000)
 ParOldGen       total 123392K, used 102048K [0x00000000e1c00000, 0x00000000e9480000, 0x00000000f5f00000)
  object space 123392K, 82% used [0x00000000e1c00000,0x00000000e7fa8300,0x00000000e9480000)
 Metaspace       used 22654K, capacity 22946K, committed 23296K, reserved 1069056K
  class space    used 2962K, capacity 3013K, committed 3072K, reserved 1048576K
}
Event: 25,220 GC heap before
{Heap before GC invocations=19 (full 3):
 PSYoungGen      total 94720K, used 74325K [0x00000000f5f00000, 0x00000000ff780000, 0x0000000100000000)
  eden space 40448K, 100% used [0x00000000f5f00000,0x00000000f8680000,0x00000000f8680000)
  from space 54272K, 62% used [0x00000000f8680000,0x00000000fa7954f0,0x00000000fbb80000)
  to   space 54784K, 0% used [0x00000000fc200000,0x00000000fc200000,0x00000000ff780000)
 ParOldGen       total 123392K, used 102048K [0x00000000e1c00000, 0x00000000e9480000, 0x00000000f5f00000)
  object space 123392K, 82% used [0x00000000e1c00000,0x00000000e7fa8300,0x00000000e9480000)
 Metaspace       used 22667K, capacity 22946K, committed 23296K, reserved 1069056K
  class space    used 2963K, capacity 3013K, committed 3072K, reserved 1048576K
Event: 25,304 GC heap after
Heap after GC invocations=19 (full 3):
 PSYoungGen      total 100352K, used 1504K [0x00000000f5f00000, 0x00000000ff700000, 0x0000000100000000)
  eden space 46080K, 0% used [0x00000000f5f00000,0x00000000f5f00000,0x00000000f8c00000)
  from space 54272K, 2% used [0x00000000fc200000,0x00000000fc378000,0x00000000ff700000)
  to   space 54784K, 0% used [0x00000000f8c00000,0x00000000f8c00000,0x00000000fc180000)
 ParOldGen       total 135168K, used 134699K [0x00000000e1c00000, 0x00000000ea000000, 0x00000000f5f00000)
  object space 135168K, 99% used [0x00000000e1c00000,0x00000000e9f8af60,0x00000000ea000000)
 Metaspace       used 22667K, capacity 22946K, committed 23296K, reserved 1069056K
  class space    used 2963K, capacity 3013K, committed 3072K, reserved 1048576K
}
Event: 25,304 GC heap before
{Heap before GC invocations=20 (full 4):
 PSYoungGen      total 100352K, used 1504K [0x00000000f5f00000, 0x00000000ff700000, 0x0000000100000000)
  eden space 46080K, 0% used [0x00000000f5f00000,0x00000000f5f00000,0x00000000f8c00000)
  from space 54272K, 2% used [0x00000000fc200000,0x00000000fc378000,0x00000000ff700000)
  to   space 54784K, 0% used [0x00000000f8c00000,0x00000000f8c00000,0x00000000fc180000)
 ParOldGen       total 135168K, used 134699K [0x00000000e1c00000, 0x00000000ea000000, 0x00000000f5f00000)
  object space 135168K, 99% used [0x00000000e1c00000,0x00000000e9f8af60,0x00000000ea000000)
 Metaspace       used 22667K, capacity 22946K, committed 23296K, reserved 1069056K
  class space    used 2963K, capacity 3013K, committed 3072K, reserved 1048576K

