# JRE version: Java(TM) SE Runtime Environment (8.0_20-b26) (build 1.8.0_20-b26)
# Java VM: Java HotSpot(TM) 64-Bit Server VM (25.20-b23 mixed mode linux-amd64 compressed oops)
Heap:
 PSYoungGen      total 86528K, used 38361K [0x00000000f5f00000, 0x00000000ffd00000, 0x0000000100000000)
  eden space 39936K, 0% used [0x00000000f5f00000,0x00000000f5f00000,0x00000000f8600000)
  from space 46592K, 82% used [0x00000000fbb80000,0x00000000fe0f6760,0x00000000fe900000)
  to   space 54784K, 0% used [0x00000000f8600000,0x00000000f8600000,0x00000000fbb80000)
 ParOldGen       total 185344K, used 184854K [0x00000000e1c00000, 0x00000000ed100000, 0x00000000f5f00000)
  object space 185344K, 99% used [0x00000000e1c00000,0x00000000ed085aa8,0x00000000ed100000)
 Metaspace       used 23135K, capacity 23394K, committed 23680K, reserved 1069056K
  class space    used 3020K, capacity 3077K, committed 3200K, reserved 1048576K
GC Heap History (10 events):
Event: 67,311 GC heap after
Heap after GC invocations=22 (full 4):
 PSYoungGen      total 77312K, used 7360K [0x00000000f5f00000, 0x00000000fd100000, 0x0000000100000000)
  eden space 41984K, 0% used [0x00000000f5f00000,0x00000000f5f00000,0x00000000f8800000)
  from space 35328K, 20% used [0x00000000fae80000,0x00000000fb5b0000,0x00000000fd100000)
  to   space 37376K, 0% used [0x00000000f8800000,0x00000000f8800000,0x00000000fac80000)
 ParOldGen       total 185344K, used 129473K [0x00000000e1c00000, 0x00000000ed100000, 0x00000000f5f00000)
  object space 185344K, 69% used [0x00000000e1c00000,0x00000000e9a70568,0x00000000ed100000)
 Metaspace       used 22773K, capacity 23010K, committed 23296K, reserved 1069056K
  class space    used 2966K, capacity 3013K, committed 3072K, reserved 1048576K
}
Event: 110,729 GC heap before
{Heap before GC invocations=23 (full 4):
 PSYoungGen      total 77312K, used 49344K [0x00000000f5f00000, 0x00000000fd100000, 0x0000000100000000)
  eden space 41984K, 100% used [0x00000000f5f00000,0x00000000f8800000,0x00000000f8800000)
  from space 35328K, 20% used [0x00000000fae80000,0x00000000fb5b0000,0x00000000fd100000)
  to   space 37376K, 0% used [0x00000000f8800000,0x00000000f8800000,0x00000000fac80000)
 ParOldGen       total 185344K, used 129473K [0x00000000e1c00000, 0x00000000ed100000, 0x00000000f5f00000)
  object space 185344K, 69% used [0x00000000e1c00000,0x00000000e9a70568,0x00000000ed100000)
 Metaspace       used 22784K, capacity 23010K, committed 23296K, reserved 1069056K
  class space    used 2968K, capacity 3013K, committed 3072K, reserved 1048576K
Event: 110,760 GC heap after
Heap after GC invocations=23 (full 4):
 PSYoungGen      total 79360K, used 7680K [0x00000000f5f00000, 0x00000000fcf80000, 0x0000000100000000)
  eden space 41984K, 0% used [0x00000000f5f00000,0x00000000f5f00000,0x00000000f8800000)
  from space 37376K, 20% used [0x00000000f8800000,0x00000000f8f80000,0x00000000fac80000)
  to   space 35840K, 0% used [0x00000000fac80000,0x00000000fac80000,0x00000000fcf80000)
 ParOldGen       total 185344K, used 129473K [0x00000000e1c00000, 0x00000000ed100000, 0x00000000f5f00000)
  object space 185344K, 69% used [0x00000000e1c00000,0x00000000e9a70568,0x00000000ed100000)
 Metaspace       used 22784K, capacity 23010K, committed 23296K, reserved 1069056K
  class space    used 2968K, capacity 3013K, committed 3072K, reserved 1048576K
}
Event: 159,193 GC heap before
{Heap before GC invocations=24 (full 4):
 PSYoungGen      total 79360K, used 49295K [0x00000000f5f00000, 0x00000000fcf80000, 0x0000000100000000)
  eden space 41984K, 99% used [0x00000000f5f00000,0x00000000f87a3df8,0x00000000f8800000)
  from space 37376K, 20% used [0x00000000f8800000,0x00000000f8f80000,0x00000000fac80000)
  to   space 35840K, 0% used [0x00000000fac80000,0x00000000fac80000,0x00000000fcf80000)
 ParOldGen       total 185344K, used 129473K [0x00000000e1c00000, 0x00000000ed100000, 0x00000000f5f00000)
  object space 185344K, 69% used [0x00000000e1c00000,0x00000000e9a70568,0x00000000ed100000)
 Metaspace       used 23135K, capacity 23394K, committed 23680K, reserved 1069056K
  class space    used 3020K, capacity 3077K, committed 3200K, reserved 1048576K
Event: 159,218 GC heap after
Heap after GC invocations=24 (full 4):
 PSYoungGen      total 76288K, used 8160K [0x00000000f5f00000, 0x00000000fcc80000, 0x0000000100000000)
  eden space 43520K, 0% used [0x00000000f5f00000,0x00000000f5f00000,0x00000000f8980000)
  from space 32768K, 24% used [0x00000000fac80000,0x00000000fb478000,0x00000000fcc80000)
  to   space 34304K, 0% used [0x00000000f8980000,0x00000000f8980000,0x00000000fab00000)
 ParOldGen       total 185344K, used 129481K [0x00000000e1c00000, 0x00000000ed100000, 0x00000000f5f00000)
  object space 185344K, 69% used [0x00000000e1c00000,0x00000000e9a72568,0x00000000ed100000)
 Metaspace       used 23135K, capacity 23394K, committed 23680K, reserved 1069056K
  class space    used 3020K, capacity 3077K, committed 3200K, reserved 1048576K
}
Event: 159,324 GC heap before
{Heap before GC invocations=25 (full 4):
 PSYoungGen      total 76288K, used 51680K [0x00000000f5f00000, 0x00000000fcc80000, 0x0000000100000000)
  eden space 43520K, 100% used [0x00000000f5f00000,0x00000000f8980000,0x00000000f8980000)
  from space 32768K, 24% used [0x00000000fac80000,0x00000000fb478000,0x00000000fcc80000)
  to   space 34304K, 0% used [0x00000000f8980000,0x00000000f8980000,0x00000000fab00000)
 ParOldGen       total 185344K, used 129481K [0x00000000e1c00000, 0x00000000ed100000, 0x00000000f5f00000)
  object space 185344K, 69% used [0x00000000e1c00000,0x00000000e9a72568,0x00000000ed100000)
 Metaspace       used 23135K, capacity 23394K, committed 23680K, reserved 1069056K
  class space    used 3020K, capacity 3077K, committed 3200K, reserved 1048576K
Event: 159,400 GC heap after
Heap after GC invocations=25 (full 4):
 PSYoungGen      total 77824K, used 34277K [0x00000000f5f00000, 0x00000000fe900000, 0x0000000100000000)
  eden space 43520K, 0% used [0x00000000f5f00000,0x00000000f5f00000,0x00000000f8980000)
  from space 34304K, 99% used [0x00000000f8980000,0x00000000faaf9720,0x00000000fab00000)
  to   space 46592K, 0% used [0x00000000fbb80000,0x00000000fbb80000,0x00000000fe900000)
 ParOldGen       total 185344K, used 146401K [0x00000000e1c00000, 0x00000000ed100000, 0x00000000f5f00000)
  object space 185344K, 78% used [0x00000000e1c00000,0x00000000eaaf8578,0x00000000ed100000)
 Metaspace       used 23135K, capacity 23394K, committed 23680K, reserved 1069056K
  class space    used 3020K, capacity 3077K, committed 3200K, reserved 1048576K
}
Event: 159,443 GC heap before
{Heap before GC invocations=26 (full 4):
 PSYoungGen      total 77824K, used 77797K [0x00000000f5f00000, 0x00000000fe900000, 0x0000000100000000)
  eden space 43520K, 100% used [0x00000000f5f00000,0x00000000f8980000,0x00000000f8980000)
  from space 34304K, 99% used [0x00000000f8980000,0x00000000faaf9720,0x00000000fab00000)
  to   space 46592K, 0% used [0x00000000fbb80000,0x00000000fbb80000,0x00000000fe900000)
 ParOldGen       total 185344K, used 146401K [0x00000000e1c00000, 0x00000000ed100000, 0x00000000f5f00000)
  object space 185344K, 78% used [0x00000000e1c00000,0x00000000eaaf8578,0x00000000ed100000)
 Metaspace       used 23135K, capacity 23394K, committed 23680K, reserved 1069056K
  class space    used 3020K, capacity 3077K, committed 3200K, reserved 1048576K
Event: 164,110 GC heap after
Heap after GC invocations=26 (full 4):
 PSYoungGen      total 86528K, used 46565K [0x00000000f5f00000, 0x00000000ffd00000, 0x0000000100000000)
  eden space 39936K, 0% used [0x00000000f5f00000,0x00000000f5f00000,0x00000000f8600000)
  from space 46592K, 99% used [0x00000000fbb80000,0x00000000fe8f9720,0x00000000fe900000)
  to   space 54784K, 0% used [0x00000000f8600000,0x00000000f8600000,0x00000000fbb80000)
 ParOldGen       total 185344K, used 177585K [0x00000000e1c00000, 0x00000000ed100000, 0x00000000f5f00000)
  object space 185344K, 95% used [0x00000000e1c00000,0x00000000ec96c578,0x00000000ed100000)
 Metaspace       used 23135K, capacity 23394K, committed 23680K, reserved 1069056K
  class space    used 3020K, capacity 3077K, committed 3200K, reserved 1048576K
}
Event: 165,132 GC heap before
{Heap before GC invocations=27 (full 5):
 PSYoungGen      total 86528K, used 46565K [0x00000000f5f00000, 0x00000000ffd00000, 0x0000000100000000)
  eden space 39936K, 0% used [0x00000000f5f00000,0x00000000f5f00000,0x00000000f8600000)
  from space 46592K, 99% used [0x00000000fbb80000,0x00000000fe8f9720,0x00000000fe900000)
  to   space 54784K, 0% used [0x00000000f8600000,0x00000000f8600000,0x00000000fbb80000)
 ParOldGen       total 185344K, used 177585K [0x00000000e1c00000, 0x00000000ed100000, 0x00000000f5f00000)
  object space 185344K, 95% used [0x00000000e1c00000,0x00000000ec96c578,0x00000000ed100000)
 Metaspace       used 23135K, capacity 23394K, committed 23680K, reserved 1069056K
  class space    used 3020K, capacity 3077K, committed 3200K, reserved 1048576K

