# JRE version: Java(TM) SE Runtime Environment (8.0_20-b26) (build 1.8.0_20-b26)
# Java VM: Java HotSpot(TM) 64-Bit Server VM (25.20-b23 mixed mode linux-amd64 compressed oops)
Heap:
 PSYoungGen      total 89088K, used 736K [0x00000000f5f00000, 0x00000000feb80000, 0x0000000100000000)
  eden space 34304K, 0% used [0x00000000f5f00000,0x00000000f5f00000,0x00000000f8080000)
  from space 54784K, 1% used [0x00000000f8080000,0x00000000f8138000,0x00000000fb600000)
  to   space 54272K, 0% used [0x00000000fb680000,0x00000000fb680000,0x00000000feb80000)
 ParOldGen       total 136704K, used 134723K [0x00000000e1c00000, 0x00000000ea180000, 0x00000000f5f00000)
  object space 136704K, 98% used [0x00000000e1c00000,0x00000000e9f90d90,0x00000000ea180000)
 Metaspace       used 22650K, capacity 22950K, committed 23296K, reserved 1069056K
  class space    used 2962K, capacity 3013K, committed 3072K, reserved 1048576K
GC Heap History (10 events):
Event: 12,101 GC heap after
Heap after GC invocations=13 (full 3):
 PSYoungGen      total 62464K, used 34080K [0x00000000f5f00000, 0x00000000fcc80000, 0x0000000100000000)
  eden space 27648K, 0% used [0x00000000f5f00000,0x00000000f5f00000,0x00000000f7a00000)
  from space 34816K, 97% used [0x00000000fa180000,0x00000000fc2c8000,0x00000000fc380000)
  to   space 40448K, 0% used [0x00000000f7a00000,0x00000000f7a00000,0x00000000fa180000)
 ParOldGen       total 136704K, used 95324K [0x00000000e1c00000, 0x00000000ea180000, 0x00000000f5f00000)
  object space 136704K, 69% used [0x00000000e1c00000,0x00000000e7917228,0x00000000ea180000)
 Metaspace       used 19910K, capacity 20134K, committed 20480K, reserved 1067008K
  class space    used 2725K, capacity 2793K, committed 2816K, reserved 1048576K
}
Event: 17,541 GC heap before
{Heap before GC invocations=14 (full 3):
 PSYoungGen      total 62464K, used 61728K [0x00000000f5f00000, 0x00000000fcc80000, 0x0000000100000000)
  eden space 27648K, 100% used [0x00000000f5f00000,0x00000000f7a00000,0x00000000f7a00000)
  from space 34816K, 97% used [0x00000000fa180000,0x00000000fc2c8000,0x00000000fc380000)
  to   space 40448K, 0% used [0x00000000f7a00000,0x00000000f7a00000,0x00000000fa180000)
 ParOldGen       total 136704K, used 95324K [0x00000000e1c00000, 0x00000000ea180000, 0x00000000f5f00000)
  object space 136704K, 69% used [0x00000000e1c00000,0x00000000e7917228,0x00000000ea180000)
 Metaspace       used 21603K, capacity 21844K, committed 22272K, reserved 1069056K
  class space    used 2959K, capacity 3010K, committed 3072K, reserved 1048576K
Event: 17,650 GC heap after
Heap after GC invocations=14 (full 3):
 PSYoungGen      total 68096K, used 40117K [0x00000000f5f00000, 0x00000000fdd80000, 0x0000000100000000)
  eden space 27648K, 0% used [0x00000000f5f00000,0x00000000f5f00000,0x00000000f7a00000)
  from space 40448K, 99% used [0x00000000f7a00000,0x00000000fa12d4f0,0x00000000fa180000)
  to   space 47616K, 0% used [0x00000000faf00000,0x00000000faf00000,0x00000000fdd80000)
 ParOldGen       total 136704K, used 95324K [0x00000000e1c00000, 0x00000000ea180000, 0x00000000f5f00000)
  object space 136704K, 69% used [0x00000000e1c00000,0x00000000e7917228,0x00000000ea180000)
 Metaspace       used 21603K, capacity 21844K, committed 22272K, reserved 1069056K
  class space    used 2959K, capacity 3010K, committed 3072K, reserved 1048576K
}
Event: 19,409 GC heap before
{Heap before GC invocations=15 (full 3):
 PSYoungGen      total 68096K, used 67765K [0x00000000f5f00000, 0x00000000fdd80000, 0x0000000100000000)
  eden space 27648K, 100% used [0x00000000f5f00000,0x00000000f7a00000,0x00000000f7a00000)
  from space 40448K, 99% used [0x00000000f7a00000,0x00000000fa12d4f0,0x00000000fa180000)
  to   space 47616K, 0% used [0x00000000faf00000,0x00000000faf00000,0x00000000fdd80000)
 ParOldGen       total 136704K, used 95325K [0x00000000e1c00000, 0x00000000ea180000, 0x00000000f5f00000)
  object space 136704K, 69% used [0x00000000e1c00000,0x00000000e7917468,0x00000000ea180000)
 Metaspace       used 22271K, capacity 22502K, committed 22784K, reserved 1069056K
  class space    used 2962K, capacity 3013K, committed 3072K, reserved 1048576K
Event: 19,494 GC heap after
Heap after GC invocations=15 (full 3):
 PSYoungGen      total 76800K, used 39685K [0x00000000f5f00000, 0x00000000fe680000, 0x0000000100000000)
  eden space 29184K, 0% used [0x00000000f5f00000,0x00000000f5f00000,0x00000000f7b80000)
  from space 47616K, 83% used [0x00000000faf00000,0x00000000fd5c1500,0x00000000fdd80000)
  to   space 52736K, 0% used [0x00000000f7b80000,0x00000000f7b80000,0x00000000faf00000)
 ParOldGen       total 136704K, used 95325K [0x00000000e1c00000, 0x00000000ea180000, 0x00000000f5f00000)
  object space 136704K, 69% used [0x00000000e1c00000,0x00000000e7917468,0x00000000ea180000)
 Metaspace       used 22271K, capacity 22502K, committed 22784K, reserved 1069056K
  class space    used 2962K, capacity 3013K, committed 3072K, reserved 1048576K
}
Event: 21,106 GC heap before
{Heap before GC invocations=16 (full 3):
 PSYoungGen      total 76800K, used 68869K [0x00000000f5f00000, 0x00000000fe680000, 0x0000000100000000)
  eden space 29184K, 100% used [0x00000000f5f00000,0x00000000f7b80000,0x00000000f7b80000)
  from space 47616K, 83% used [0x00000000faf00000,0x00000000fd5c1500,0x00000000fdd80000)
  to   space 52736K, 0% used [0x00000000f7b80000,0x00000000f7b80000,0x00000000faf00000)
 ParOldGen       total 136704K, used 95328K [0x00000000e1c00000, 0x00000000ea180000, 0x00000000f5f00000)
  object space 136704K, 69% used [0x00000000e1c00000,0x00000000e7918130,0x00000000ea180000)
 Metaspace       used 22482K, capacity 22694K, committed 23040K, reserved 1069056K
  class space    used 2962K, capacity 3013K, committed 3072K, reserved 1048576K
Event: 21,264 GC heap after
Heap after GC invocations=16 (full 3):
 PSYoungGen      total 81920K, used 39781K [0x00000000f5f00000, 0x00000000fec00000, 0x0000000100000000)
  eden space 29184K, 0% used [0x00000000f5f00000,0x00000000f5f00000,0x00000000f7b80000)
  from space 52736K, 75% used [0x00000000f7b80000,0x00000000fa259500,0x00000000faf00000)
  to   space 54784K, 0% used [0x00000000fb680000,0x00000000fb680000,0x00000000fec00000)
 ParOldGen       total 136704K, used 95328K [0x00000000e1c00000, 0x00000000ea180000, 0x00000000f5f00000)
  object space 136704K, 69% used [0x00000000e1c00000,0x00000000e7918130,0x00000000ea180000)
 Metaspace       used 22482K, capacity 22694K, committed 23040K, reserved 1069056K
  class space    used 2962K, capacity 3013K, committed 3072K, reserved 1048576K
}
Event: 23,015 GC heap before
{Heap before GC invocations=17 (full 3):
 PSYoungGen      total 81920K, used 68965K [0x00000000f5f00000, 0x00000000fec00000, 0x0000000100000000)
  eden space 29184K, 100% used [0x00000000f5f00000,0x00000000f7b80000,0x00000000f7b80000)
  from space 52736K, 75% used [0x00000000f7b80000,0x00000000fa259500,0x00000000faf00000)
  to   space 54784K, 0% used [0x00000000fb680000,0x00000000fb680000,0x00000000fec00000)
 ParOldGen       total 136704K, used 95328K [0x00000000e1c00000, 0x00000000ea180000, 0x00000000f5f00000)
  object space 136704K, 69% used [0x00000000e1c00000,0x00000000e7918130,0x00000000ea180000)
 Metaspace       used 22605K, capacity 22886K, committed 23296K, reserved 1069056K
  class space    used 2962K, capacity 3013K, committed 3072K, reserved 1048576K
Event: 23,354 GC heap after
Heap after GC invocations=17 (full 3):
 PSYoungGen      total 88576K, used 30373K [0x00000000f5f00000, 0x00000000feb80000, 0x0000000100000000)
  eden space 34304K, 0% used [0x00000000f5f00000,0x00000000f5f00000,0x00000000f8080000)
  from space 54272K, 55% used [0x00000000fb680000,0x00000000fd429500,0x00000000feb80000)
  to   space 54784K, 0% used [0x00000000f8080000,0x00000000f8080000,0x00000000fb600000)
 ParOldGen       total 136704K, used 104912K [0x00000000e1c00000, 0x00000000ea180000, 0x00000000f5f00000)
  object space 136704K, 76% used [0x00000000e1c00000,0x00000000e8274130,0x00000000ea180000)
 Metaspace       used 22605K, capacity 22886K, committed 23296K, reserved 1069056K
  class space    used 2962K, capacity 3013K, committed 3072K, reserved 1048576K
}
Event: 25,886 GC heap before
{Heap before GC invocations=18 (full 3):
 PSYoungGen      total 88576K, used 64677K [0x00000000f5f00000, 0x00000000feb80000, 0x0000000100000000)
  eden space 34304K, 100% used [0x00000000f5f00000,0x00000000f8080000,0x00000000f8080000)
  from space 54272K, 55% used [0x00000000fb680000,0x00000000fd429500,0x00000000feb80000)
  to   space 54784K, 0% used [0x00000000f8080000,0x00000000f8080000,0x00000000fb600000)
 ParOldGen       total 136704K, used 104912K [0x00000000e1c00000, 0x00000000ea180000, 0x00000000f5f00000)
  object space 136704K, 76% used [0x00000000e1c00000,0x00000000e8274130,0x00000000ea180000)
 Metaspace       used 22650K, capacity 22950K, committed 23296K, reserved 1069056K
  class space    used 2962K, capacity 3013K, committed 3072K, reserved 1048576K

