# JRE version: Java(TM) SE Runtime Environment (8.0_20-b26) (build 1.8.0_20-b26)
# Java VM: Java HotSpot(TM) 64-Bit Server VM (25.20-b23 mixed mode linux-amd64 compressed oops)
Heap:
 PSYoungGen      total 104960K, used 5317K [0x00000000f5f00000, 0x00000000ffd00000, 0x0000000100000000)
  eden space 51712K, 0% used [0x00000000f5f00000,0x00000000f5f00000,0x00000000f9180000)
  from space 53248K, 9% used [0x00000000f9180000,0x00000000f96b1608,0x00000000fc580000)
  to   space 54272K, 0% used [0x00000000fc800000,0x00000000fc800000,0x00000000ffd00000)
 ParOldGen       total 135168K, used 134971K [0x00000000e1c00000, 0x00000000ea000000, 0x00000000f5f00000)
  object space 135168K, 99% used [0x00000000e1c00000,0x00000000e9fcec48,0x00000000ea000000)
 Metaspace       used 22791K, capacity 23074K, committed 23296K, reserved 1069056K
  class space    used 2970K, capacity 3013K, committed 3072K, reserved 1048576K
GC Heap History (10 events):
Event: 34,066 GC heap after
Heap after GC invocations=24 (full 3):
 PSYoungGen      total 100864K, used 33621K [0x00000000f5f00000, 0x00000000ff800000, 0x0000000100000000)
  eden space 47616K, 0% used [0x00000000f5f00000,0x00000000f5f00000,0x00000000f8d80000)
  from space 53248K, 63% used [0x00000000f8d80000,0x00000000fae554f0,0x00000000fc180000)
  to   space 53248K, 0% used [0x00000000fc400000,0x00000000fc400000,0x00000000ff800000)
 ParOldGen       total 135168K, used 105356K [0x00000000e1c00000, 0x00000000ea000000, 0x00000000f5f00000)
  object space 135168K, 77% used [0x00000000e1c00000,0x00000000e82e3058,0x00000000ea000000)
 Metaspace       used 22775K, capacity 23010K, committed 23296K, reserved 1069056K
  class space    used 2969K, capacity 3013K, committed 3072K, reserved 1048576K
}
Event: 36,188 GC heap before
{Heap before GC invocations=25 (full 3):
 PSYoungGen      total 100864K, used 81237K [0x00000000f5f00000, 0x00000000ff800000, 0x0000000100000000)
  eden space 47616K, 100% used [0x00000000f5f00000,0x00000000f8d80000,0x00000000f8d80000)
  from space 53248K, 63% used [0x00000000f8d80000,0x00000000fae554f0,0x00000000fc180000)
  to   space 53248K, 0% used [0x00000000fc400000,0x00000000fc400000,0x00000000ff800000)
 ParOldGen       total 135168K, used 105356K [0x00000000e1c00000, 0x00000000ea000000, 0x00000000f5f00000)
  object space 135168K, 77% used [0x00000000e1c00000,0x00000000e82e3058,0x00000000ea000000)
 Metaspace       used 22775K, capacity 23010K, committed 23296K, reserved 1069056K
  class space    used 2969K, capacity 3013K, committed 3072K, reserved 1048576K
Event: 36,280 GC heap after
Heap after GC invocations=25 (full 3):
 PSYoungGen      total 102400K, used 34053K [0x00000000f5f00000, 0x00000000ff780000, 0x0000000100000000)
  eden space 49664K, 0% used [0x00000000f5f00000,0x00000000f5f00000,0x00000000f8f80000)
  from space 52736K, 64% used [0x00000000fc400000,0x00000000fe541500,0x00000000ff780000)
  to   space 53248K, 0% used [0x00000000f8f80000,0x00000000f8f80000,0x00000000fc380000)
 ParOldGen       total 135168K, used 105356K [0x00000000e1c00000, 0x00000000ea000000, 0x00000000f5f00000)
  object space 135168K, 77% used [0x00000000e1c00000,0x00000000e82e3058,0x00000000ea000000)
 Metaspace       used 22775K, capacity 23010K, committed 23296K, reserved 1069056K
  class space    used 2969K, capacity 3013K, committed 3072K, reserved 1048576K
}
Event: 38,583 GC heap before
{Heap before GC invocations=26 (full 3):
 PSYoungGen      total 102400K, used 83717K [0x00000000f5f00000, 0x00000000ff780000, 0x0000000100000000)
  eden space 49664K, 100% used [0x00000000f5f00000,0x00000000f8f80000,0x00000000f8f80000)
  from space 52736K, 64% used [0x00000000fc400000,0x00000000fe541500,0x00000000ff780000)
  to   space 53248K, 0% used [0x00000000f8f80000,0x00000000f8f80000,0x00000000fc380000)
 ParOldGen       total 135168K, used 105356K [0x00000000e1c00000, 0x00000000ea000000, 0x00000000f5f00000)
  object space 135168K, 77% used [0x00000000e1c00000,0x00000000e82e3058,0x00000000ea000000)
 Metaspace       used 22783K, capacity 23010K, committed 23296K, reserved 1069056K
  class space    used 2969K, capacity 3013K, committed 3072K, reserved 1048576K
Event: 38,652 GC heap after
Heap after GC invocations=26 (full 3):
 PSYoungGen      total 102912K, used 34485K [0x00000000f5f00000, 0x00000000ff980000, 0x0000000100000000)
  eden space 49664K, 0% used [0x00000000f5f00000,0x00000000f5f00000,0x00000000f8f80000)
  from space 53248K, 64% used [0x00000000f8f80000,0x00000000fb12d4f0,0x00000000fc380000)
  to   space 53248K, 0% used [0x00000000fc580000,0x00000000fc580000,0x00000000ff980000)
 ParOldGen       total 135168K, used 105356K [0x00000000e1c00000, 0x00000000ea000000, 0x00000000f5f00000)
  object space 135168K, 77% used [0x00000000e1c00000,0x00000000e82e3058,0x00000000ea000000)
 Metaspace       used 22783K, capacity 23010K, committed 23296K, reserved 1069056K
  class space    used 2969K, capacity 3013K, committed 3072K, reserved 1048576K
}
Event: 40,780 GC heap before
{Heap before GC invocations=27 (full 3):
 PSYoungGen      total 102912K, used 84149K [0x00000000f5f00000, 0x00000000ff980000, 0x0000000100000000)
  eden space 49664K, 100% used [0x00000000f5f00000,0x00000000f8f80000,0x00000000f8f80000)
  from space 53248K, 64% used [0x00000000f8f80000,0x00000000fb12d4f0,0x00000000fc380000)
  to   space 53248K, 0% used [0x00000000fc580000,0x00000000fc580000,0x00000000ff980000)
 ParOldGen       total 135168K, used 105356K [0x00000000e1c00000, 0x00000000ea000000, 0x00000000f5f00000)
  object space 135168K, 77% used [0x00000000e1c00000,0x00000000e82e3058,0x00000000ea000000)
 Metaspace       used 22786K, capacity 23010K, committed 23296K, reserved 1069056K
  class space    used 2969K, capacity 3013K, committed 3072K, reserved 1048576K
Event: 40,850 GC heap after
Heap after GC invocations=27 (full 3):
 PSYoungGen      total 104960K, used 34981K [0x00000000f5f00000, 0x00000000ff980000, 0x0000000100000000)
  eden space 51712K, 0% used [0x00000000f5f00000,0x00000000f5f00000,0x00000000f9180000)
  from space 53248K, 65% used [0x00000000fc580000,0x00000000fe7a9500,0x00000000ff980000)
  to   space 53248K, 0% used [0x00000000f9180000,0x00000000f9180000,0x00000000fc580000)
 ParOldGen       total 135168K, used 105356K [0x00000000e1c00000, 0x00000000ea000000, 0x00000000f5f00000)
  object space 135168K, 77% used [0x00000000e1c00000,0x00000000e82e3058,0x00000000ea000000)
 Metaspace       used 22786K, capacity 23010K, committed 23296K, reserved 1069056K
  class space    used 2969K, capacity 3013K, committed 3072K, reserved 1048576K
}
Event: 43,008 GC heap before
{Heap before GC invocations=28 (full 3):
 PSYoungGen      total 104960K, used 86693K [0x00000000f5f00000, 0x00000000ff980000, 0x0000000100000000)
  eden space 51712K, 100% used [0x00000000f5f00000,0x00000000f9180000,0x00000000f9180000)
  from space 53248K, 65% used [0x00000000fc580000,0x00000000fe7a9500,0x00000000ff980000)
  to   space 53248K, 0% used [0x00000000f9180000,0x00000000f9180000,0x00000000fc580000)
 ParOldGen       total 135168K, used 105356K [0x00000000e1c00000, 0x00000000ea000000, 0x00000000f5f00000)
  object space 135168K, 77% used [0x00000000e1c00000,0x00000000e82e3058,0x00000000ea000000)
 Metaspace       used 22791K, capacity 23074K, committed 23296K, reserved 1069056K
  class space    used 2970K, capacity 3013K, committed 3072K, reserved 1048576K
Event: 43,097 GC heap after
Heap after GC invocations=28 (full 3):
 PSYoungGen      total 104960K, used 10501K [0x00000000f5f00000, 0x00000000ffd00000, 0x0000000100000000)
  eden space 51712K, 0% used [0x00000000f5f00000,0x00000000f5f00000,0x00000000f9180000)
  from space 53248K, 19% used [0x00000000f9180000,0x00000000f9bc1500,0x00000000fc580000)
  to   space 54272K, 0% used [0x00000000fc800000,0x00000000fc800000,0x00000000ffd00000)
 ParOldGen       total 135168K, used 130356K [0x00000000e1c00000, 0x00000000ea000000, 0x00000000f5f00000)
  object space 135168K, 96% used [0x00000000e1c00000,0x00000000e9b4d058,0x00000000ea000000)
 Metaspace       used 22791K, capacity 23074K, committed 23296K, reserved 1069056K
  class space    used 2970K, capacity 3013K, committed 3072K, reserved 1048576K
}
Event: 43,113 GC heap before
{Heap before GC invocations=29 (full 4):
 PSYoungGen      total 104960K, used 10501K [0x00000000f5f00000, 0x00000000ffd00000, 0x0000000100000000)
  eden space 51712K, 0% used [0x00000000f5f00000,0x00000000f5f00000,0x00000000f9180000)
  from space 53248K, 19% used [0x00000000f9180000,0x00000000f9bc1500,0x00000000fc580000)
  to   space 54272K, 0% used [0x00000000fc800000,0x00000000fc800000,0x00000000ffd00000)
 ParOldGen       total 135168K, used 130356K [0x00000000e1c00000, 0x00000000ea000000, 0x00000000f5f00000)
  object space 135168K, 96% used [0x00000000e1c00000,0x00000000e9b4d058,0x00000000ea000000)
 Metaspace       used 22791K, capacity 23074K, committed 23296K, reserved 1069056K
  class space    used 2970K, capacity 3013K, committed 3072K, reserved 1048576K

