# JRE version: Java(TM) SE Runtime Environment (8.0_20-b26) (build 1.8.0_20-b26)
# Java VM: Java HotSpot(TM) 64-Bit Server VM (25.20-b23 mixed mode linux-amd64 compressed oops)
Heap:
 PSYoungGen      total 104960K, used 755K [0x00000000f5f00000, 0x00000000ffb80000, 0x0000000100000000)
  eden space 50688K, 0% used [0x00000000f5f00000,0x00000000f5f00000,0x00000000f9080000)
  from space 54272K, 1% used [0x00000000fc680000,0x00000000fc73cc30,0x00000000ffb80000)
  to   space 54784K, 0% used [0x00000000f9080000,0x00000000f9080000,0x00000000fc600000)
 ParOldGen       total 135168K, used 134745K [0x00000000e1c00000, 0x00000000ea000000, 0x00000000f5f00000)
  object space 135168K, 99% used [0x00000000e1c00000,0x00000000e9f96788,0x00000000ea000000)
 Metaspace       used 22666K, capacity 22946K, committed 23296K, reserved 1069056K
  class space    used 2963K, capacity 3013K, committed 3072K, reserved 1048576K
GC Heap History (10 events):
Event: 18,572 GC heap after
Heap after GC invocations=17 (full 3):
 PSYoungGen      total 94208K, used 32645K [0x00000000f5f00000, 0x00000000ff000000, 0x0000000100000000)
  eden space 41984K, 0% used [0x00000000f5f00000,0x00000000f5f00000,0x00000000f8800000)
  from space 52224K, 62% used [0x00000000fbc00000,0x00000000fdbe1500,0x00000000fef00000)
  to   space 53248K, 0% used [0x00000000f8800000,0x00000000f8800000,0x00000000fbc00000)
 ParOldGen       total 125440K, used 102700K [0x00000000e1c00000, 0x00000000e9680000, 0x00000000f5f00000)
  object space 125440K, 81% used [0x00000000e1c00000,0x00000000e804b2a8,0x00000000e9680000)
 Metaspace       used 22618K, capacity 22882K, committed 23296K, reserved 1069056K
  class space    used 2962K, capacity 3013K, committed 3072K, reserved 1048576K
}
Event: 20,598 GC heap before
{Heap before GC invocations=18 (full 3):
 PSYoungGen      total 94208K, used 74629K [0x00000000f5f00000, 0x00000000ff000000, 0x0000000100000000)
  eden space 41984K, 100% used [0x00000000f5f00000,0x00000000f8800000,0x00000000f8800000)
  from space 52224K, 62% used [0x00000000fbc00000,0x00000000fdbe1500,0x00000000fef00000)
  to   space 53248K, 0% used [0x00000000f8800000,0x00000000f8800000,0x00000000fbc00000)
 ParOldGen       total 125440K, used 102700K [0x00000000e1c00000, 0x00000000e9680000, 0x00000000f5f00000)
  object space 125440K, 81% used [0x00000000e1c00000,0x00000000e804b2a8,0x00000000e9680000)
 Metaspace       used 22652K, capacity 22946K, committed 23296K, reserved 1069056K
  class space    used 2962K, capacity 3013K, committed 3072K, reserved 1048576K
Event: 20,661 GC heap after
Heap after GC invocations=18 (full 3):
 PSYoungGen      total 95232K, used 32853K [0x00000000f5f00000, 0x00000000ff800000, 0x0000000100000000)
  eden space 41984K, 0% used [0x00000000f5f00000,0x00000000f5f00000,0x00000000f8800000)
  from space 53248K, 61% used [0x00000000f8800000,0x00000000fa8154f0,0x00000000fbc00000)
  to   space 54272K, 0% used [0x00000000fc300000,0x00000000fc300000,0x00000000ff800000)
 ParOldGen       total 125440K, used 102700K [0x00000000e1c00000, 0x00000000e9680000, 0x00000000f5f00000)
  object space 125440K, 81% used [0x00000000e1c00000,0x00000000e804b2a8,0x00000000e9680000)
 Metaspace       used 22652K, capacity 22946K, committed 23296K, reserved 1069056K
  class space    used 2962K, capacity 3013K, committed 3072K, reserved 1048576K
}
Event: 22,573 GC heap before
{Heap before GC invocations=19 (full 3):
 PSYoungGen      total 95232K, used 74837K [0x00000000f5f00000, 0x00000000ff800000, 0x0000000100000000)
  eden space 41984K, 100% used [0x00000000f5f00000,0x00000000f8800000,0x00000000f8800000)
  from space 53248K, 61% used [0x00000000f8800000,0x00000000fa8154f0,0x00000000fbc00000)
  to   space 54272K, 0% used [0x00000000fc300000,0x00000000fc300000,0x00000000ff800000)
 ParOldGen       total 125440K, used 102700K [0x00000000e1c00000, 0x00000000e9680000, 0x00000000f5f00000)
  object space 125440K, 81% used [0x00000000e1c00000,0x00000000e804b2a8,0x00000000e9680000)
 Metaspace       used 22655K, capacity 22946K, committed 23296K, reserved 1069056K
  class space    used 2962K, capacity 3013K, committed 3072K, reserved 1048576K
Event: 22,637 GC heap after
Heap after GC invocations=19 (full 3):
 PSYoungGen      total 101888K, used 32997K [0x00000000f5f00000, 0x00000000ff880000, 0x0000000100000000)
  eden space 47616K, 0% used [0x00000000f5f00000,0x00000000f5f00000,0x00000000f8d80000)
  from space 54272K, 60% used [0x00000000fc300000,0x00000000fe339500,0x00000000ff800000)
  to   space 54784K, 0% used [0x00000000f8d80000,0x00000000f8d80000,0x00000000fc300000)
 ParOldGen       total 125440K, used 102700K [0x00000000e1c00000, 0x00000000e9680000, 0x00000000f5f00000)
  object space 125440K, 81% used [0x00000000e1c00000,0x00000000e804b2a8,0x00000000e9680000)
 Metaspace       used 22655K, capacity 22946K, committed 23296K, reserved 1069056K
  class space    used 2962K, capacity 3013K, committed 3072K, reserved 1048576K
}
Event: 24,855 GC heap before
{Heap before GC invocations=20 (full 3):
 PSYoungGen      total 101888K, used 80613K [0x00000000f5f00000, 0x00000000ff880000, 0x0000000100000000)
  eden space 47616K, 100% used [0x00000000f5f00000,0x00000000f8d80000,0x00000000f8d80000)
  from space 54272K, 60% used [0x00000000fc300000,0x00000000fe339500,0x00000000ff800000)
  to   space 54784K, 0% used [0x00000000f8d80000,0x00000000f8d80000,0x00000000fc300000)
 ParOldGen       total 125440K, used 102700K [0x00000000e1c00000, 0x00000000e9680000, 0x00000000f5f00000)
  object space 125440K, 81% used [0x00000000e1c00000,0x00000000e804b2a8,0x00000000e9680000)
 Metaspace       used 22655K, capacity 22946K, committed 23296K, reserved 1069056K
  class space    used 2962K, capacity 3013K, committed 3072K, reserved 1048576K
Event: 24,921 GC heap after
Heap after GC invocations=20 (full 3):
 PSYoungGen      total 102400K, used 33125K [0x00000000f5f00000, 0x00000000ffc00000, 0x0000000100000000)
  eden space 47616K, 0% used [0x00000000f5f00000,0x00000000f5f00000,0x00000000f8d80000)
  from space 54784K, 60% used [0x00000000f8d80000,0x00000000fadd9500,0x00000000fc300000)
  to   space 54784K, 0% used [0x00000000fc680000,0x00000000fc680000,0x00000000ffc00000)
 ParOldGen       total 125440K, used 102700K [0x00000000e1c00000, 0x00000000e9680000, 0x00000000f5f00000)
  object space 125440K, 81% used [0x00000000e1c00000,0x00000000e804b2a8,0x00000000e9680000)
 Metaspace       used 22655K, capacity 22946K, committed 23296K, reserved 1069056K
  class space    used 2962K, capacity 3013K, committed 3072K, reserved 1048576K
}
Event: 27,239 GC heap before
{Heap before GC invocations=21 (full 3):
 PSYoungGen      total 102400K, used 80741K [0x00000000f5f00000, 0x00000000ffc00000, 0x0000000100000000)
  eden space 47616K, 100% used [0x00000000f5f00000,0x00000000f8d80000,0x00000000f8d80000)
  from space 54784K, 60% used [0x00000000f8d80000,0x00000000fadd9500,0x00000000fc300000)
  to   space 54784K, 0% used [0x00000000fc680000,0x00000000fc680000,0x00000000ffc00000)
 ParOldGen       total 125440K, used 102700K [0x00000000e1c00000, 0x00000000e9680000, 0x00000000f5f00000)
  object space 125440K, 81% used [0x00000000e1c00000,0x00000000e804b2a8,0x00000000e9680000)
 Metaspace       used 22666K, capacity 22946K, committed 23296K, reserved 1069056K
  class space    used 2963K, capacity 3013K, committed 3072K, reserved 1048576K
Event: 27,329 GC heap after
Heap after GC invocations=21 (full 3):
 PSYoungGen      total 104960K, used 1312K [0x00000000f5f00000, 0x00000000ffb80000, 0x0000000100000000)
  eden space 50688K, 0% used [0x00000000f5f00000,0x00000000f5f00000,0x00000000f9080000)
  from space 54272K, 2% used [0x00000000fc680000,0x00000000fc7c8000,0x00000000ffb80000)
  to   space 54784K, 0% used [0x00000000f9080000,0x00000000f9080000,0x00000000fc600000)
 ParOldGen       total 135168K, used 134747K [0x00000000e1c00000, 0x00000000ea000000, 0x00000000f5f00000)
  object space 135168K, 99% used [0x00000000e1c00000,0x00000000e9f96f08,0x00000000ea000000)
 Metaspace       used 22666K, capacity 22946K, committed 23296K, reserved 1069056K
  class space    used 2963K, capacity 3013K, committed 3072K, reserved 1048576K
}
Event: 27,329 GC heap before
{Heap before GC invocations=22 (full 4):
 PSYoungGen      total 104960K, used 1312K [0x00000000f5f00000, 0x00000000ffb80000, 0x0000000100000000)
  eden space 50688K, 0% used [0x00000000f5f00000,0x00000000f5f00000,0x00000000f9080000)
  from space 54272K, 2% used [0x00000000fc680000,0x00000000fc7c8000,0x00000000ffb80000)
  to   space 54784K, 0% used [0x00000000f9080000,0x00000000f9080000,0x00000000fc600000)
 ParOldGen       total 135168K, used 134747K [0x00000000e1c00000, 0x00000000ea000000, 0x00000000f5f00000)
  object space 135168K, 99% used [0x00000000e1c00000,0x00000000e9f96f08,0x00000000ea000000)
 Metaspace       used 22666K, capacity 22946K, committed 23296K, reserved 1069056K
  class space    used 2963K, capacity 3013K, committed 3072K, reserved 1048576K

